<?xml version="1.0" encoding="UTF-8"?>
<robot generator="Robot 7.3.2 (Python 3.14.0 on win32)" generated="2025-11-12T22:05:33.822606" rpa="false" schemaversion="5">
<suite id="s1" name="Tests" source="C:\Users\Anastasia\uusiuusi\viikko3\hello-robot\src\tests">
<suite id="s1-s1" name="Increase Counter" source="C:\Users\Anastasia\uusiuusi\viikko3\hello-robot\src\tests\increase_counter.robot">
<test id="s1-s1-t1" name="Increase Counter Once" line="5">
<kw name="Counter Value Should Be" owner="CounterLibrary">
<arg>0</arg>
<status status="PASS" start="2025-11-12T22:05:33.890832" elapsed="0.000368"/>
</kw>
<kw name="Increase Counter" owner="CounterLibrary">
<status status="PASS" start="2025-11-12T22:05:33.892001" elapsed="0.000241"/>
</kw>
<kw name="Counter Value Should Be" owner="CounterLibrary">
<arg>1</arg>
<status status="PASS" start="2025-11-12T22:05:33.893007" elapsed="0.000243"/>
</kw>
<status status="PASS" start="2025-11-12T22:05:33.889139" elapsed="0.004876"/>
</test>
<test id="s1-s1-t2" name="Increase Counter Many Times" line="10">
<kw name="Counter Value Should Be" owner="CounterLibrary">
<arg>0</arg>
<status status="PASS" start="2025-11-12T22:05:33.896932" elapsed="0.000201"/>
</kw>
<kw name="Increase Counter" owner="CounterLibrary">
<status status="PASS" start="2025-11-12T22:05:33.897799" elapsed="0.000181"/>
</kw>
<kw name="Increase Counter" owner="CounterLibrary">
<status status="PASS" start="2025-11-12T22:05:33.898514" elapsed="0.000167"/>
</kw>
<kw name="Increase Counter" owner="CounterLibrary">
<status status="PASS" start="2025-11-12T22:05:33.899216" elapsed="0.000181"/>
</kw>
<kw name="Counter Value Should Be" owner="CounterLibrary">
<arg>3</arg>
<status status="PASS" start="2025-11-12T22:05:33.900075" elapsed="0.000243"/>
</kw>
<status status="PASS" start="2025-11-12T22:05:33.896004" elapsed="0.004979"/>
</test>
<test id="s1-s1-t3" name="Increment Counter By Amount" line="17">
<kw name="Counter Value Should Be" owner="CounterLibrary">
<arg>0</arg>
<status status="PASS" start="2025-11-12T22:05:33.903598" elapsed="0.000267"/>
</kw>
<kw name="Increment Counter By" owner="CounterLibrary">
<arg>5</arg>
<status status="PASS" start="2025-11-12T22:05:33.904444" elapsed="0.000206"/>
</kw>
<kw name="Counter Value Should Be" owner="CounterLibrary">
<arg>5</arg>
<status status="PASS" start="2025-11-12T22:05:33.905252" elapsed="0.000198"/>
</kw>
<status status="PASS" start="2025-11-12T22:05:33.902835" elapsed="0.003266"/>
</test>
<status status="PASS" start="2025-11-12T22:05:33.867401" elapsed="0.040809"/>
</suite>
<status status="PASS" start="2025-11-12T22:05:33.824514" elapsed="0.085855"/>
</suite>
<statistics>
<total>
<stat pass="3" fail="0" skip="0">All Tests</stat>
</total>
<tag>
</tag>
<suite>
<stat name="Tests" id="s1" pass="3" fail="0" skip="0">Tests</stat>
<stat name="Increase Counter" id="s1-s1" pass="3" fail="0" skip="0">Tests.Increase Counter</stat>
</suite>
</statistics>
<errors>
</errors>
</robot>
